<?xml version="1.0" encoding="UTF-8"?>
<!-- Generated by org.testng.reporters.JUnitReportReporter -->
<testsuite hostname="010550-OA" name="GmailTest" tests="2" failures="0" timestamp="16 May 2016 19:57:25 GMT" time="24.045" errors="0">
  <testcase name="loginShouldBeSuccessfull" time="10.254" classname="GmailTest"/>
  <testcase name="sendAndReceiveEmailTest" time="13.791" classname="GmailTest"/>
</testsuite> <!-- GmailTest -->
